2026-06-27 19:33:25,434 > multimodal_rag@0.1.0 dev
2026-06-27 19:33:25,435 > next dev
2026-06-27 19:33:28,470 ▲ Next.js 15.3.3
2026-06-27 19:33:28,470 - Local:        http://localhost:3000
2026-06-27 19:33:28,470 - Network:      http://172.20.10.9:3000
2026-06-27 19:33:28,470 ✓ Starting...
2026-06-27 19:33:28,500 Attention: Next.js now collects completely anonymous telemetry regarding usage.
2026-06-27 19:33:28,501 This information is used to shape Next.js' roadmap and prioritize features.
2026-06-27 19:33:28,501 You can learn more, including how to opt-out if you'd not like to participate in this anonymous program, by visiting the following URL:
2026-06-27 19:33:28,501 https://nextjs.org/telemetry
2026-06-27 19:33:31,977 ✓ Ready in 3.6s
2026-06-27 19:46:19,406 ○ Compiling / ...
2026-06-27 19:46:24,797 ✓ Compiled / in 5.9s (1401 modules)
2026-06-27 19:46:24,954 Demo component rendering...
2026-06-27 19:46:24,967 GET / 200 in 6072ms
2026-06-27 19:46:25,579 ✓ Compiled /favicon.ico in 332ms (741 modules)
2026-06-27 19:46:25,624 GET /favicon.ico 200 in 382ms
2026-06-27 19:46:41,453 ✓ Compiled in 163ms (658 modules)
2026-06-27 19:46:41,554 GET / 200 in 37ms
2026-06-27 19:46:41,581 ✓ Compiled in 125ms (658 modules)
2026-06-27 19:46:41,605 GET / 200 in 15ms
2026-06-27 19:46:52,340 Demo component rendering...
2026-06-27 19:46:52,350 GET / 200 in 104ms
2026-06-27 19:46:52,494 ✓ Compiled /_not-found in 129ms (1389 modules)
2026-06-27 19:46:52,531 GET /apple-touch-icon-precomposed.png 404 in 168ms
2026-06-27 19:46:52,605 GET /apple-touch-icon.png 404 in 12ms
2026-06-27 19:46:52,657 GET /favicon.ico 200 in 8ms
2026-06-27 19:46:52,709 Demo component rendering...
2026-06-27 19:46:52,718 GET / 200 in 44ms
2026-06-27 19:46:52,735 GET /apple-touch-icon-precomposed.png 404 in 13ms
2026-06-27 19:46:52,751 GET /apple-touch-icon.png 404 in 11ms
2026-06-27 19:46:52,797 GET /favicon.ico 200 in 3ms
2026-06-27 19:51:52,118 ✓ Compiled in 224ms (658 modules)
2026-06-27 19:51:52,149 GET / 200 in 26ms
2026-06-27 19:51:52,218 ✓ Compiled in 98ms (658 modules)
2026-06-27 19:51:52,229 GET / 200 in 9ms
2026-06-27 19:51:54,539 ✓ Compiled in 64ms (658 modules)
2026-06-27 19:51:54,548 GET / 200 in 5ms
2026-06-27 19:51:56,425 ✓ Compiled in 71ms (658 modules)
2026-06-27 19:51:56,433 GET / 200 in 6ms
2026-06-27 19:52:58,336 ✓ Compiled in 124ms (658 modules)
2026-06-27 19:52:58,354 GET / 200 in 10ms
2026-06-27 19:53:36,310 ✓ Compiled in 119ms (658 modules)
2026-06-27 19:53:36,323 GET / 200 in 8ms
2026-06-27 19:54:55,429 ✓ Compiled in 183ms (658 modules)
2026-06-27 19:54:55,499 GET / 200 in 59ms
2026-06-27 19:54:55,525 ✓ Compiled in 93ms (658 modules)
2026-06-27 19:54:55,543 GET / 200 in 6ms
2026-06-27 20:02:44,393 ✓ Compiled in 182ms (658 modules)
2026-06-27 20:02:44,466 GET / 200 in 60ms
2026-06-27 20:02:44,489 ✓ Compiled in 95ms (658 modules)
2026-06-27 20:02:44,499 GET / 200 in 7ms
2026-06-27 20:02:51,700 ✓ Compiled in 81ms (658 modules)
2026-06-27 20:02:51,712 GET / 200 in 8ms
2026-06-27 20:02:51,773 ✓ Compiled in 71ms (658 modules)
2026-06-27 20:02:51,782 GET / 200 in 7ms
2026-06-27 20:03:44,618 ✓ Compiled in 90ms (658 modules)
2026-06-27 20:03:44,630 GET / 200 in 10ms
2026-06-27 20:04:00,925 ✓ Compiled in 143ms (658 modules)
2026-06-27 20:04:01,002 GET / 200 in 72ms
2026-06-27 20:04:01,039 ✓ Compiled in 111ms (658 modules)
2026-06-27 20:04:01,050 GET / 200 in 7ms
2026-06-27 20:04:40,032 ✓ Compiled in 92ms (658 modules)
2026-06-27 20:04:40,041 GET / 200 in 7ms
2026-06-27 20:04:50,872 ✓ Compiled in 88ms (658 modules)
2026-06-27 20:04:50,886 GET / 200 in 11ms
2026-06-27 20:12:03,289 ✓ Compiled in 196ms (658 modules)
2026-06-27 20:12:03,359 GET / 200 in 59ms
2026-06-27 20:12:03,382 ✓ Compiled in 91ms (658 modules)
2026-06-27 20:12:03,391 GET / 200 in 8ms
2026-06-27 20:12:42,994 ✓ Compiled in 105ms (658 modules)
2026-06-27 20:12:43,003 GET / 200 in 7ms
2026-06-27 20:14:07,414 ✓ Compiled in 132ms (658 modules)
2026-06-27 20:14:07,436 GET / 200 in 17ms
2026-06-27 20:16:14,594 ✓ Compiled in 292ms (658 modules)
2026-06-27 20:16:14,617 GET / 200 in 18ms
2026-06-27 20:16:45,453 ✓ Compiled in 194ms (658 modules)
2026-06-27 20:16:45,513 GET / 200 in 6ms
2026-06-27 20:16:47,077 ✓ Compiled in 81ms (658 modules)
2026-06-27 20:16:47,148 GET / 200 in 8ms
2026-06-27 20:17:02,479 ✓ Compiled in 93ms (658 modules)
2026-06-27 20:17:02,498 GET / 200 in 8ms
2026-06-27 20:17:19,573 ✓ Compiled in 101ms (658 modules)
2026-06-27 20:17:19,581 GET / 200 in 5ms
2026-06-27 20:17:29,972 ✓ Compiled in 110ms (658 modules)
2026-06-27 20:17:30,021 GET / 200 in 27ms
2026-06-27 20:17:44,532 ✓ Compiled in 136ms (658 modules)
2026-06-27 20:17:44,590 GET / 200 in 8ms
2026-06-27 20:18:42,599 ✓ Compiled in 132ms (658 modules)
2026-06-27 20:18:42,617 GET / 200 in 12ms
2026-06-27 20:18:42,704 ✓ Compiled in 102ms (658 modules)
2026-06-27 20:18:42,718 GET / 200 in 12ms
2026-06-27 20:19:26,056 ✓ Compiled in 525ms (658 modules)
2026-06-27 20:19:26,143 GET / 200 in 75ms
2026-06-27 20:19:26,164 ✓ Compiled in 104ms (658 modules)
2026-06-27 20:19:26,175 GET / 200 in 10ms
2026-06-27 20:19:36,071 ✓ Compiled in 138ms (658 modules)
2026-06-27 20:19:36,082 GET / 200 in 8ms
2026-06-27 20:20:04,774 ✓ Compiled in 111ms (658 modules)
2026-06-27 20:20:04,782 GET / 200 in 6ms
2026-06-27 20:21:24,356 ✓ Compiled in 144ms (658 modules)
2026-06-27 20:21:24,383 GET / 200 in 20ms
2026-06-27 20:22:03,908 ✓ Compiled in 184ms (658 modules)
2026-06-27 20:22:03,917 GET / 200 in 7ms
2026-06-27 20:22:49,426 ✓ Compiled in 131ms (658 modules)
2026-06-27 20:22:49,437 GET / 200 in 7ms
2026-06-27 20:23:15,636 ✓ Compiled in 244ms (658 modules)
2026-06-27 20:23:15,659 GET / 200 in 18ms
2026-06-27 20:24:02,985 ✓ Compiled in 105ms (658 modules)
2026-06-27 20:24:02,998 GET / 200 in 9ms
2026-06-27 20:24:44,606 ✓ Compiled in 159ms (658 modules)
2026-06-27 20:24:44,631 GET / 200 in 17ms
2026-06-27 20:24:59,561 ✓ Compiled in 137ms (658 modules)
2026-06-27 20:24:59,607 GET / 200 in 13ms
2026-06-27 20:25:01,252 ✓ Compiled in 86ms (658 modules)
2026-06-27 20:25:01,318 GET / 200 in 18ms
2026-06-27 20:25:01,337 ✓ Compiled in 83ms (658 modules)
2026-06-27 20:25:01,364 GET / 200 in 5ms
2026-06-27 20:25:15,216 ✓ Compiled in 106ms (658 modules)
2026-06-27 20:25:15,242 GET / 200 in 20ms
2026-06-27 20:25:40,551 ✓ Compiled in 148ms (658 modules)
2026-06-27 20:25:40,571 GET / 200 in 8ms
2026-06-27 20:25:51,518 ✓ Compiled in 102ms (658 modules)
2026-06-27 20:25:51,551 GET / 200 in 12ms
2026-06-27 20:26:16,725 ✓ Compiled in 120ms (658 modules)
2026-06-27 20:26:16,752 GET / 200 in 11ms
2026-06-27 20:26:42,029 ✓ Compiled in 105ms (658 modules)
2026-06-27 20:26:42,076 GET / 200 in 9ms
2026-06-27 20:26:54,841 ✓ Compiled in 155ms (658 modules)
2026-06-27 20:26:54,876 GET / 200 in 7ms
2026-06-27 20:27:30,548 ✓ Compiled in 146ms (658 modules)
2026-06-27 20:27:30,560 GET / 200 in 8ms
2026-06-27 20:28:03,132 ✓ Compiled in 158ms (658 modules)
2026-06-27 20:28:03,199 GET / 200 in 8ms
2026-06-27 20:28:37,624 ✓ Compiled in 118ms (658 modules)
2026-06-27 20:28:37,718 GET / 200 in 10ms
2026-06-27 20:29:06,050 ✓ Compiled in 172ms (658 modules)
2026-06-27 20:29:06,625 GET / 200 in 25ms
2026-06-27 20:31:48,164 ✓ Compiled in 233ms (658 modules)
2026-06-27 20:31:48,186 GET / 200 in 17ms
2026-06-27 20:32:01,942 ✓ Compiled in 126ms (658 modules)
2026-06-27 20:32:01,954 GET / 200 in 7ms
2026-06-28 17:11:40,040 > multimodal_rag@0.1.0 dev
2026-06-28 17:11:40,041 > next dev
2026-06-28 17:11:40,774 ▲ Next.js 15.3.3
2026-06-28 17:11:40,775 - Local:        http://localhost:3000
2026-06-28 17:11:40,775 - Network:      http://192.168.1.5:3000
2026-06-28 17:11:40,775 ✓ Starting...
2026-06-28 17:11:41,958 ✓ Ready in 1297ms
2026-06-28 17:12:02,102 ○ Compiling / ...
2026-06-28 17:12:02,594 ✓ Compiled / in 996ms (1383 modules)
2026-06-28 17:12:02,746 Demo component rendering...
2026-06-28 17:12:02,759 GET / 200 in 1170ms
2026-06-28 17:12:03,018 ✓ Compiled /favicon.ico in 91ms (741 modules)
2026-06-28 17:12:03,062 GET /favicon.ico 200 in 136ms
2026-06-28 17:19:55,727 ✓ Compiled in 167ms (658 modules)
2026-06-28 17:19:55,764 GET / 200 in 34ms
2026-06-28 17:19:55,845 ✓ Compiled in 116ms (658 modules)
2026-06-28 17:19:55,854 GET / 200 in 7ms
2026-06-28 17:22:06,654 ✓ Compiled in 176ms (658 modules)
2026-06-28 17:22:06,671 GET / 200 in 13ms
2026-06-28 17:22:06,758 ✓ Compiled in 101ms (658 modules)
2026-06-28 17:22:06,768 GET / 200 in 7ms
2026-06-28 17:24:06,836 ✓ Compiled in 163ms (658 modules)
2026-06-28 17:24:06,852 GET / 200 in 12ms
2026-06-28 17:24:06,946 ✓ Compiled in 107ms (658 modules)
2026-06-28 17:24:06,958 GET / 200 in 7ms
2026-06-28 17:31:09,049 ✓ Compiled in 712ms (658 modules)
2026-06-28 17:31:09,085 GET / 200 in 24ms
2026-06-28 17:35:21,022 ✓ Compiled in 601ms (1383 modules)
2026-06-28 17:35:21,114 GET / 200 in 87ms
2026-06-28 17:35:35,769 ✓ Compiled in 252ms (1383 modules)
2026-06-28 17:35:35,802 GET / 200 in 31ms
2026-06-28 17:43:25,792 > multimodal_rag@0.1.0 dev
2026-06-28 17:43:25,792 > next dev
2026-06-28 17:43:26,502 ▲ Next.js 15.3.3
2026-06-28 17:43:26,503 - Local:        http://localhost:3000
2026-06-28 17:43:26,503 - Network:      http://192.168.1.5:3000
2026-06-28 17:43:26,503 ✓ Starting...
2026-06-28 17:43:27,501 ✓ Ready in 1116ms
2026-06-28 17:43:43,318 ○ Compiling / ...
2026-06-28 17:43:43,776 ✓ Compiled / in 957ms (1383 modules)
2026-06-28 17:43:43,930 Demo component rendering...
2026-06-28 17:43:43,943 GET / 200 in 1139ms
2026-06-28 17:43:44,114 ⚠ Cross origin request detected from 192.168.1.5 to /_next/* resource. In a future major version of Next.js, you will need to explicitly configure "allowedDevOrigins" in next.config to allow this.
2026-06-28 17:43:44,114 Read more: https://nextjs.org/docs/app/api-reference/config/next-config-js/allowedDevOrigins
2026-06-28 17:43:44,213 ✓ Compiled /favicon.ico in 98ms (741 modules)
2026-06-28 17:43:44,258 GET /favicon.ico 200 in 145ms
2026-06-28 17:45:05,404 ✓ Compiled in 184ms (658 modules)
2026-06-28 17:45:05,502 GET / 200 in 95ms
2026-06-28 17:45:05,542 ✓ Compiled in 137ms (658 modules)
2026-06-28 17:45:05,553 GET / 200 in 9ms
2026-06-28 17:51:23,300 ✓ Compiled in 566ms (658 modules)
2026-06-28 17:51:23,331 GET / 200 in 25ms
2026-06-28 17:51:23,416 ✓ Compiled in 113ms (658 modules)
2026-06-28 17:51:23,430 GET / 200 in 8ms
2026-06-28 17:53:58,413 ✓ Compiled in 208ms (658 modules)
2026-06-28 17:53:58,431 GET / 200 in 13ms
2026-06-28 17:54:52,059 ✓ Compiled in 224ms (658 modules)
2026-06-28 17:54:52,076 GET / 200 in 12ms
2026-06-28 17:56:32,244 ✓ Compiled in 317ms (658 modules)
2026-06-28 17:56:32,264 GET / 200 in 15ms
2026-06-28 17:56:33,820 ✓ Compiled in 92ms (658 modules)
2026-06-28 17:56:33,832 GET / 200 in 11ms
2026-06-28 17:56:33,920 ✓ Compiled in 99ms (658 modules)
2026-06-28 17:56:33,933 GET / 200 in 10ms
2026-06-28 17:59:43,004 ✓ Compiled in 162ms (658 modules)
2026-06-28 17:59:43,021 GET / 200 in 14ms
2026-06-28 18:00:27,543 ✓ Compiled in 185ms (658 modules)
2026-06-28 18:00:27,554 GET / 200 in 8ms
2026-06-28 18:02:08,167 ✓ Compiled in 156ms (658 modules)
2026-06-28 18:02:08,185 GET / 200 in 15ms
2026-06-28 18:03:39,225 ✓ Compiled in 237ms (658 modules)
2026-06-28 18:03:39,236 GET / 200 in 8ms
2026-06-28 18:04:07,583 ✓ Compiled in 98ms (658 modules)
2026-06-28 18:04:07,595 GET / 200 in 10ms
2026-06-28 18:04:31,947 ✓ Compiled in 133ms (658 modules)
2026-06-28 18:04:31,965 GET / 200 in 15ms
2026-06-28 18:05:18,924 ✓ Compiled in 133ms (658 modules)
2026-06-28 18:05:18,946 GET / 200 in 13ms
2026-06-28 18:06:18,559 ✓ Compiled in 799ms (658 modules)
2026-06-28 18:06:18,574 GET / 200 in 10ms
2026-07-02 22:34:27,259 > multimodal_rag@0.1.0 dev
2026-07-02 22:34:27,259 > next dev
2026-07-02 22:34:27,991 ▲ Next.js 15.3.3
2026-07-02 22:34:27,991 - Local:        http://localhost:3000
2026-07-02 22:34:27,991 - Network:      http://192.168.1.5:3000
2026-07-02 22:34:27,991 ✓ Starting...
2026-07-02 22:34:28,935 ✓ Ready in 1057ms
2026-07-02 22:34:46,997 ○ Compiling / ...
2026-07-02 22:34:47,533 ✓ Compiled / in 1038ms (1383 modules)
2026-07-02 22:34:47,686 Demo component rendering...
2026-07-02 22:34:47,709 GET / 200 in 1222ms
2026-07-02 22:34:47,793 ✓ Compiled in 254ms (658 modules)
2026-07-02 22:34:47,926 ⚠ Cross origin request detected from 192.168.1.5 to /_next/* resource. In a future major version of Next.js, you will need to explicitly configure "allowedDevOrigins" in next.config to allow this.
2026-07-02 22:34:47,926 Read more: https://nextjs.org/docs/app/api-reference/config/next-config-js/allowedDevOrigins
2026-07-02 22:40:04,858 ✓ Compiled in 160ms (658 modules)
2026-07-02 22:40:04,871 GET / 200 in 9ms
2026-07-02 22:40:04,949 ✓ Compiled in 89ms (658 modules)
2026-07-02 22:40:04,961 GET / 200 in 7ms
2026-07-02 22:40:28,666 ✓ Compiled in 122ms (658 modules)
2026-07-02 22:40:28,686 GET / 200 in 16ms
2026-07-02 22:41:59,782 ✓ Compiled in 145ms (658 modules)
2026-07-02 22:41:59,798 GET / 200 in 13ms
2026-07-02 22:41:59,879 ✓ Compiled in 95ms (658 modules)
2026-07-02 22:41:59,891 GET / 200 in 9ms
2026-07-02 22:42:57,047 ✓ Compiled in 137ms (658 modules)
2026-07-02 22:42:57,060 GET / 200 in 9ms
2026-07-02 22:43:50,447 ✓ Compiled in 110ms (658 modules)
2026-07-02 22:43:50,465 GET / 200 in 14ms
2026-07-02 22:44:23,795 ✓ Compiled in 159ms (658 modules)
2026-07-02 22:44:23,818 GET / 200 in 20ms
2026-07-02 22:45:21,926 ✓ Compiled in 113ms (658 modules)
2026-07-02 22:45:21,937 GET / 200 in 9ms
2026-07-02 22:47:11,264 ✓ Compiled in 204ms (658 modules)
2026-07-02 22:47:11,276 GET / 200 in 9ms
2026-07-02 22:49:41,541 ✓ Compiled in 164ms (658 modules)
2026-07-02 22:49:41,553 GET / 200 in 8ms
2026-07-02 22:54:08,264 ✓ Compiled in 145ms (658 modules)
2026-07-02 22:54:08,276 GET / 200 in 9ms
2026-07-02 22:55:17,124 ✓ Compiled in 242ms (658 modules)
2026-07-02 22:55:17,142 GET / 200 in 12ms
2026-07-02 22:57:45,700 ✓ Compiled in 243ms (658 modules)
2026-07-02 22:57:45,714 GET / 200 in 11ms
2026-07-02 22:58:58,442 ✓ Compiled in 190ms (658 modules)
2026-07-02 22:58:58,454 GET / 200 in 8ms
2026-07-02 23:00:18,280 ✓ Compiled in 181ms (658 modules)
2026-07-02 23:00:18,351 GET / 200 in 63ms
2026-07-02 23:00:18,374 ✓ Compiled in 92ms (658 modules)
2026-07-02 23:00:18,387 GET / 200 in 10ms
2026-07-02 23:00:28,265 ✓ Compiled in 281ms (658 modules)
2026-07-02 23:00:28,348 GET / 200 in 38ms
2026-07-02 23:01:58,489 ✓ Compiled in 499ms (658 modules)
2026-07-02 23:01:58,563 GET / 200 in 66ms
2026-07-02 23:01:58,595 ✓ Compiled in 101ms (658 modules)
2026-07-02 23:01:58,604 GET / 200 in 6ms
2026-07-02 23:02:45,501 ✓ Compiled in 185ms (658 modules)
2026-07-02 23:02:45,513 GET / 200 in 9ms
2026-07-02 23:04:02,500 ✓ Compiled in 201ms (658 modules)
2026-07-02 23:04:02,578 GET / 200 in 69ms
2026-07-02 23:04:02,616 ✓ Compiled in 110ms (658 modules)
2026-07-02 23:04:02,661 GET / 200 in 12ms
2026-07-02 23:08:56,738 ✓ Compiled in 208ms (658 modules)
2026-07-02 23:08:56,765 GET / 200 in 16ms
2026-07-02 23:15:19,340 ✓ Compiled in 305ms (658 modules)
2026-07-02 23:15:19,441 GET / 200 in 94ms
2026-07-02 23:15:19,498 ✓ Compiled in 152ms (658 modules)
2026-07-02 23:15:19,523 GET / 200 in 18ms
2026-07-02 23:19:04,590 ✓ Compiled in 217ms (658 modules)
2026-07-02 23:19:04,609 GET / 200 in 13ms
2026-07-02 23:19:06,321 ✓ Compiled in 93ms (658 modules)
2026-07-02 23:19:06,334 GET / 200 in 9ms
2026-07-02 23:19:06,414 ✓ Compiled in 91ms (658 modules)
2026-07-02 23:19:06,424 GET / 200 in 9ms
2026-07-02 23:19:51,983 ✓ Compiled in 158ms (658 modules)
2026-07-02 23:19:51,995 GET / 200 in 8ms
2026-07-02 23:20:11,240 ✓ Compiled in 122ms (658 modules)
2026-07-02 23:20:11,252 GET / 200 in 9ms
2026-07-02 23:22:38,515 ✓ Compiled in 212ms (658 modules)
2026-07-02 23:22:38,534 GET / 200 in 16ms
2026-07-02 23:22:49,850 ✓ Compiled in 132ms (658 modules)
2026-07-02 23:22:49,860 GET / 200 in 8ms
2026-07-02 23:23:54,175 ✓ Compiled in 164ms (658 modules)
2026-07-02 23:23:54,197 GET / 200 in 19ms
2026-07-02 23:23:55,453 ✓ Compiled in 138ms (658 modules)
2026-07-02 23:23:55,463 GET / 200 in 8ms
